<?xml version="1.0" encoding="UTF-8"?>
<testsuite name="com.cg.moodanalyzer.MoodAnalyzerTest" tests="4" skipped="0" failures="0" errors="0" timestamp="2020-10-11T16:18:02" hostname="LAPTOP-9CGGNV1K" time="0.01">
  <properties/>
  <testcase name="givenMessage_WhenEmpty_ShouldReturnInvalid" classname="com.cg.moodanalyzer.MoodAnalyzerTest" time="0.008"/>
  <testcase name="givenMessage_WhenSadShouldReturnSad" classname="com.cg.moodanalyzer.MoodAnalyzerTest" time="0.001"/>
  <testcase name="givenMessage_WhenNull_ShouldReturnHappy" classname="com.cg.moodanalyzer.MoodAnalyzerTest" time="0.001"/>
  <testcase name="givenMessage_WhenNotSad_ShouldReturnHappy" classname="com.cg.moodanalyzer.MoodAnalyzerTest" time="0.0"/>
  <system-out><![CDATA[invalid
invalid
]]></system-out>
  <system-err><![CDATA[]]></system-err>
</testsuite>
