<?xml version="1.0" encoding="UTF-8"?>
<testsuite name="com.cg.moodanalyzer.MoodAnalyzerTest" tests="3" skipped="0" failures="0" errors="0" timestamp="2020-10-11T15:50:38" hostname="LAPTOP-9CGGNV1K" time="0.004">
  <properties/>
  <testcase name="givenMessage_WhenSadShouldReturnSad" classname="com.cg.moodanalyzer.MoodAnalyzerTest" time="0.003"/>
  <testcase name="givenMessage_WhenNull_ShouldReturnHappy" classname="com.cg.moodanalyzer.MoodAnalyzerTest" time="0.0"/>
  <testcase name="givenMessage_WhenNotSad_ShouldReturnHappy" classname="com.cg.moodanalyzer.MoodAnalyzerTest" time="0.0"/>
  <system-out><![CDATA[]]></system-out>
  <system-err><![CDATA[]]></system-err>
</testsuite>
